<?xml version="1.0" encoding="UTF-8"?>
<!-- Generated by org.testng.reporters.JUnitReportReporter -->
<testsuite hostname="DESKTOP-CORP1B4" failures="0" tests="1" name="example.cookbook.ExplicitWaitExample" time="8.141" errors="0" timestamp="18 Dec 2022 14:10:26 GMT">
  <testcase classname="example.cookbook.ExplicitWaitExample" name="dynamicContent2" time="8.141"/>
</testsuite> <!-- example.cookbook.ExplicitWaitExample -->
