<?xml version="1.0" encoding="UTF-8"?>
<!-- Generated by org.testng.reporters.JUnitReportReporter -->
<testsuite hostname="DESKTOP-CORP1B4" failures="0" tests="1" name="UberAppTim24.tests.DriverEndRideTest" time="17.468" errors="0" timestamp="1 Mar 2023 16:19:35 GMT">
  <testcase classname="UberAppTim24.tests.DriverEndRideTest" name="endRideHappyFlowTest" time="17.468"/>
</testsuite> <!-- UberAppTim24.tests.DriverEndRideTest -->
