<?xml version="1.0" encoding="UTF-8"?>
<!-- Generated by org.testng.reporters.JUnitReportReporter -->
<testsuite hostname="DESKTOP-CORP1B4" failures="0" tests="6" name="UberAppTim24.tests.LogInTest" time="8.332" errors="0" timestamp="1 Mar 2023 16:20:40 GMT">
  <testcase classname="UberAppTim24.tests.LogInTest" name="valid" time="1.731"/>
  <testcase classname="UberAppTim24.tests.LogInTest" name="noInput" time="2.335"/>
  <testcase classname="UberAppTim24.tests.LogInTest" name="noMail" time="1.114"/>
  <testcase classname="UberAppTim24.tests.LogInTest" name="wrongMail" time="1.051"/>
  <testcase classname="UberAppTim24.tests.LogInTest" name="wrongPassword" time="1.078"/>
  <testcase classname="UberAppTim24.tests.LogInTest" name="noPassword" time="1.023"/>
</testsuite> <!-- UberAppTim24.tests.LogInTest -->
