<?xml version="1.0" encoding="UTF-8"?>
<!-- Generated by org.testng.reporters.JUnitReportReporter -->
<testsuite hostname="DESKTOP-CORP1B4" failures="0" tests="1" name="example.tests.ApplyAsDeveloperTest" time="64.526" errors="0" timestamp="18 Dec 2022 13:04:37 GMT">
  <testcase classname="example.tests.ApplyAsDeveloperTest" name="applyAsDeveloper" time="64.526"/>
</testsuite> <!-- example.tests.ApplyAsDeveloperTest -->
