<?xml version="1.0" encoding="UTF-8"?>
<!-- Generated by org.testng.reporters.JUnitReportReporter -->
<testsuite hostname="DESKTOP-CORP1B4" failures="0" tests="1" name="UberAppTim24.tests.DriverEndRideTest" time="18.339" errors="0" timestamp="8 Feb 2023 16:07:18 GMT">
  <testcase classname="UberAppTim24.tests.DriverEndRideTest" name="endRideHappyFlowTest" time="18.339"/>
</testsuite> <!-- UberAppTim24.tests.DriverEndRideTest -->
