<?xml version="1.0" encoding="UTF-8"?>
<!-- Generated by org.testng.reporters.JUnitReportReporter -->
<testsuite hostname="DESKTOP-CORP1B4" failures="0" tests="1" name="UberAppTim24.tests.PassengerStartRideTest" time="7.708" errors="0" timestamp="8 Feb 2023 15:34:48 GMT">
  <testcase classname="UberAppTim24.tests.PassengerStartRideTest" name="addFavouriteRideTest" time="7.708"/>
</testsuite> <!-- UberAppTim24.tests.PassengerStartRideTest -->
