<?xml version="1.0" encoding="UTF-8"?>
<!-- Generated by org.testng.reporters.JUnitReportReporter -->
<testsuite hostname="DESKTOP-CORP1B4" failures="0" tests="1" name="UberAppTim24.tests.DriverEndRideTest" time="16.527" errors="0" timestamp="7 Feb 2023 22:36:11 GMT">
  <testcase classname="UberAppTim24.tests.DriverEndRideTest" name="endRideHappyFlowTest" time="16.527"/>
</testsuite> <!-- UberAppTim24.tests.DriverEndRideTest -->
